1600276688154	geckodriver	INFO	Listening on 127.0.0.1:54698
1600276691194	mozrunner::runner	INFO	Running command: "C:\\Program Files\\Mozilla Firefox\\firefox.exe" "--marionette" "-foreground" "-no-remote" "-profile" "C:\\Users\\papa\\AppData\\Local\\Temp\\rust_mozprofilebeNbV8"
JavaScript error: resource://gre/modules/XULStore.jsm, line 66: Error: Can't find profile directory.
console.error: SearchCache: "_readCacheFile: Error reading cache file:" (new Error("", "(unknown module)"))
1600276693115	Marionette	INFO	Listening on port 54706
1600276693202	Marionette	WARN	TLS certificate errors will be ignored for this session
1600276868003	Marionette	INFO	Stopped listening on port 54706

###!!! [Child][RunMessage] Error: Channel closing: too late to send/recv, messages will be lost


###!!! [Child][MessageChannel::SendAndWait] Error: Channel error: cannot send/recv

1600276884648	geckodriver	INFO	Listening on 127.0.0.1:54856
1600276887697	mozrunner::runner	INFO	Running command: "C:\\Program Files\\Mozilla Firefox\\firefox.exe" "--marionette" "-foreground" "-no-remote" "-profile" "C:\\Users\\papa\\AppData\\Local\\Temp\\rust_mozprofilepDhqDb"
JavaScript error: resource://gre/modules/XULStore.jsm, line 66: Error: Can't find profile directory.
console.error: SearchCache: "_readCacheFile: Error reading cache file:" (new Error("", "(unknown module)"))
1600276889573	Marionette	INFO	Listening on port 54864
1600276889708	Marionette	WARN	TLS certificate errors will be ignored for this session
1600277353154	geckodriver	INFO	Listening on 127.0.0.1:55051
1600277356207	mozrunner::runner	INFO	Running command: "C:\\Program Files\\Mozilla Firefox\\firefox.exe" "--marionette" "-foreground" "-no-remote" "-profile" "C:\\Users\\papa\\AppData\\Local\\Temp\\rust_mozprofile4BwvB5"
JavaScript error: resource://gre/modules/XULStore.jsm, line 66: Error: Can't find profile directory.
console.error: SearchCache: "_readCacheFile: Error reading cache file:" (new Error("", "(unknown module)"))
1600277358059	Marionette	INFO	Listening on port 55059
1600277358213	Marionette	WARN	TLS certificate errors will be ignored for this session
JavaScript error: resource://gre/modules/URIFixup.jsm, line 271: NS_ERROR_FAILURE: Should pass a non-null uri
JavaScript error: about:srcdoc, line 9: TypeError: parent is null
JavaScript error: about:srcdoc, line 9: TypeError: parent is null
JavaScript error: about:srcdoc, line 9: TypeError: parent is null
1600277400109	Marionette	INFO	Stopped listening on port 55059

###!!! [Child][RunMessage] Error: Channel closing: too late to send/recv, messages will be lost


###!!! [Child][MessageChannel::SendAndWait] Error: Channel error: cannot send/recv

1600284630014	geckodriver	INFO	Listening on 127.0.0.1:59159
1600284633052	mozrunner::runner	INFO	Running command: "C:\\Program Files\\Mozilla Firefox\\firefox.exe" "--marionette" "-foreground" "-no-remote" "-profile" "C:\\Users\\papa\\AppData\\Local\\Temp\\rust_mozprofileUJcANB"
JavaScript error: resource://gre/modules/XULStore.jsm, line 66: Error: Can't find profile directory.
console.error: SearchCache: "_readCacheFile: Error reading cache file:" (new Error("", "(unknown module)"))
1600284635244	Marionette	INFO	Listening on port 59168
1600284635661	Marionette	WARN	TLS certificate errors will be ignored for this session
JavaScript error: resource://gre/modules/URIFixup.jsm, line 271: NS_ERROR_FAILURE: Should pass a non-null uri
